<?xml version="1.0" encoding="UTF-8"?>
<testng-results ignored="0" total="1" passed="1" failed="0" skipped="0">
  <reporter-output>
  </reporter-output>
  <suite started-at="2021-03-20T11:16:10 IST" name="Default suite" finished-at="2021-03-20T11:16:18 IST" duration-ms="7738">
    <groups>
    </groups>
    <test started-at="2021-03-20T11:16:10 IST" name="Default test" finished-at="2021-03-20T11:16:18 IST" duration-ms="7738">
      <class name="practice.Login">
        <test-method signature="login_page()[pri:0, instance:practice.Login@3098cf3b]" started-at="2021-03-20T11:16:10 IST" name="login_page" finished-at="2021-03-20T11:16:18 IST" duration-ms="7687" status="PASS">
          <reporter-output>
          </reporter-output>
        </test-method> <!-- login_page -->
      </class> <!-- practice.Login -->
    </test> <!-- Default test -->
  </suite> <!-- Default suite -->
</testng-results>
