<?xml version="1.0" encoding="UTF-8"?>
<!-- Generated by org.testng.reporters.JUnitXMLReporter -->
<testsuite ignored="8" hostname="DESKTOP-V2RKAG5" failures="1" tests="4" name="Test" time="0.082" errors="0" timestamp="2021-03-11T10:17:04 IST">
  <testcase classname="practice.Sample1" name="testC" time="0.013"/>
  <testcase classname="practice.Sample2" name="testA" time="0.002"/>
  <testcase classname="practice.Sample3" name="testA" time="0.002"/>
  <testcase classname="practice.Sample4" name="testC" time="0.003">
    <failure type="java.lang.AssertionError" message="expected [Google] but found [Googl]">
      <![CDATA[java.lang.AssertionError: expected [Google] but found [Googl]
at practice.Sample4.testC(Sample4.java:14)
at java.base/java.util.ArrayList.forEach(ArrayList.java:1511)
... Removed 33 stack frames]]>
    </failure>
  </testcase> <!-- testC -->
  <testcase classname="practice.Sample1" name="testB" time="0.0">
    <ignored/>
  </testcase> <!-- testB -->
  <testcase classname="practice.Sample2" name="testC" time="0.0">
    <ignored/>
  </testcase> <!-- testC -->
  <testcase classname="practice.Sample3" name="testB" time="0.0">
    <ignored/>
  </testcase> <!-- testB -->
  <testcase classname="practice.Sample2" name="testB" time="0.0">
    <ignored/>
  </testcase> <!-- testB -->
  <testcase classname="practice.Sample4" name="testA" time="0.0">
    <ignored/>
  </testcase> <!-- testA -->
  <testcase classname="practice.Sample3" name="testC" time="0.0">
    <ignored/>
  </testcase> <!-- testC -->
  <testcase classname="practice.Sample4" name="testB" time="0.0">
    <ignored/>
  </testcase> <!-- testB -->
  <testcase classname="practice.Sample1" name="testA" time="0.0">
    <ignored/>
  </testcase> <!-- testA -->
</testsuite> <!-- Test -->
